<?xml version="1.0" encoding="UTF-8"?>
<!-- Generated by org.testng.reporters.JUnitXMLReporter -->
<testsuite ignored="0" hostname="DESKTOP-CD1GP2R" failures="0" tests="1" name="Test1" time="0.119" errors="0" timestamp="2022-03-16T07:39:17 IST">
  <testcase classname="com.sdet.testcases.BaseClass" name="@BeforeClass setUp" time="0.007">
    <failure type="java.lang.NullPointerException" message="Cannot invoke &amp;quot;com.sdet.utilities.ConFigUtilites.getFireFoxPath()&amp;quot; because &amp;quot;this.conf&amp;quot; is null">
      <![CDATA[java.lang.NullPointerException: Cannot invoke "com.sdet.utilities.ConFigUtilites.getFireFoxPath()" because "this.conf" is null
at com.sdet.testcases.BaseClass.setUp(BaseClass.java:55)
at java.base/java.util.ArrayList.forEach(ArrayList.java:1511)
... Removed 25 stack frames]]>
    </failure>
  </testcase> <!-- @BeforeClass setUp -->
  <testcase classname="com.sdet.testcases.BaseClass" name="@AfterMethod endMethod" time="-1.647396557792E9">
    <skipped/>
  </testcase> <!-- @AfterMethod endMethod -->
  <testcase classname="com.sdet.testcases.BaseClass" name="@AfterClass tearDown" time="-1.647396557801E9">
    <skipped/>
  </testcase> <!-- @AfterClass tearDown -->
  <testcase classname="com.sdet.testcases.TC_Login_001" name="loginTest" time="0.0">
    <skipped/>
  </testcase> <!-- loginTest -->
</testsuite> <!-- Test1 -->
